Mar 23, 2015 2:48:34 PM Loggers.DailyCrawlerLogger main
SEVERE: Simulating an exception
java.lang.Exception: Simulating an exception
	at Loggers.DailyCrawlerLogger.main(DailyCrawlerLogger.java:21)

Mar 23, 2015 2:48:34 PM Loggers.DailyCrawlerLogger main
INFO: This is a info-level message
Mar 23, 2015 2:48:34 PM Loggers.DailyCrawlerLogger main
CONFIG: This is a config-level message
Mar 23, 2015 2:48:34 PM Loggers.DailyCrawlerLogger main
FINE: This is a fine-level message
<?xml version="1.0" encoding="UTF-8" standalone="no"?>
<!DOCTYPE log SYSTEM "logger.dtd">
<log>
<record>
  <date>2015-03-23T15:06:41</date>
  <millis>1427119601480</millis>
  <sequence>0</sequence>
  <logger>Loggers.DailyCrawlerLogger</logger>
  <level>SEVERE</level>
  <class>Loggers.DailyCrawlerLogger</class>
  <method>main</method>
  <thread>1</thread>
  <message>Simulating an exception</message>
  <exception>
    <message>java.lang.Exception: Simulating an exception</message>
    <frame>
      <class>Loggers.DailyCrawlerLogger</class>
      <method>main</method>
      <line>21</line>
    </frame>
  </exception>
</record>
<record>
  <date>2015-03-23T15:06:41</date>
  <millis>1427119601536</millis>
  <sequence>1</sequence>
  <logger>Loggers.DailyCrawlerLogger</logger>
  <level>INFO</level>
  <class>Loggers.DailyCrawlerLogger</class>
  <method>main</method>
  <thread>1</thread>
  <message>This is a info-level message</message>
</record>
<record>
  <date>2015-03-23T15:06:41</date>
  <millis>1427119601537</millis>
  <sequence>2</sequence>
  <logger>Loggers.DailyCrawlerLogger</logger>
  <level>CONFIG</level>
  <class>Loggers.DailyCrawlerLogger</class>
  <method>main</method>
  <thread>1</thread>
  <message>This is a config-level message</message>
</record>
<record>
  <date>2015-03-23T15:06:41</date>
  <millis>1427119601538</millis>
  <sequence>3</sequence>
  <logger>Loggers.DailyCrawlerLogger</logger>
  <level>FINE</level>
  <class>Loggers.DailyCrawlerLogger</class>
  <method>main</method>
  <thread>1</thread>
  <message>This is a fine-level message</message>
</record>
</log>
